This is pdfTeX, Version 3.14159265-2.6-1.40.19 (TeX Live 2018/W32TeX) (preloaded format=pdflatex 2019.4.26)  29 APR 2019 21:39
entering extended mode
 restricted \write18 enabled.
 %&-line parsing enabled.
**progetto.tex
(./progetto.tex
LaTeX2e <2018-12-01>
(c:/Users/Ndoni/AppData/Roaming/TinyTeX/texmf-dist/tex/latex/base/article.cls
Document Class: article 2018/09/03 v1.4i Standard LaTeX document class
(c:/Users/Ndoni/AppData/Roaming/TinyTeX/texmf-dist/tex/latex/base/size12.clo
File: size12.clo 2018/09/03 v1.4i Standard LaTeX file (size option)
)
\c@part=\count80
\c@section=\count81
\c@subsection=\count82
\c@subsubsection=\count83
\c@paragraph=\count84
\c@subparagraph=\count85
\c@figure=\count86
\c@table=\count87
\abovecaptionskip=\skip41
\belowcaptionskip=\skip42
\bibindent=\dimen102
) (c:/Users/Ndoni/AppData/Roaming/TinyTeX/texmf-dist/tex/latex/lm/lmodern.sty
Package: lmodern 2009/10/30 v1.6 Latin Modern Fonts
LaTeX Font Info:    Overwriting symbol font `operators' in version `normal'
(Font)                  OT1/cmr/m/n --> OT1/lmr/m/n on input line 22.
LaTeX Font Info:    Overwriting symbol font `letters' in version `normal'
(Font)                  OML/cmm/m/it --> OML/lmm/m/it on input line 23.
LaTeX Font Info:    Overwriting symbol font `symbols' in version `normal'
(Font)                  OMS/cmsy/m/n --> OMS/lmsy/m/n on input line 24.
LaTeX Font Info:    Overwriting symbol font `largesymbols' in version `normal'
(Font)                  OMX/cmex/m/n --> OMX/lmex/m/n on input line 25.
LaTeX Font Info:    Overwriting symbol font `operators' in version `bold'
(Font)                  OT1/cmr/bx/n --> OT1/lmr/bx/n on input line 26.
LaTeX Font Info:    Overwriting symbol font `letters' in version `bold'
(Font)                  OML/cmm/b/it --> OML/lmm/b/it on input line 27.
LaTeX Font Info:    Overwriting symbol font `symbols' in version `bold'
(Font)                  OMS/cmsy/b/n --> OMS/lmsy/b/n on input line 28.
LaTeX Font Info:    Overwriting symbol font `largesymbols' in version `bold'
(Font)                  OMX/cmex/m/n --> OMX/lmex/m/n on input line 29.
LaTeX Font Info:    Overwriting math alphabet `\mathbf' in version `normal'
(Font)                  OT1/cmr/bx/n --> OT1/lmr/bx/n on input line 31.
LaTeX Font Info:    Overwriting math alphabet `\mathsf' in version `normal'
(Font)                  OT1/cmss/m/n --> OT1/lmss/m/n on input line 32.
LaTeX Font Info:    Overwriting math alphabet `\mathit' in version `normal'
(Font)                  OT1/cmr/m/it --> OT1/lmr/m/it on input line 33.
LaTeX Font Info:    Overwriting math alphabet `\mathtt' in version `normal'
(Font)                  OT1/cmtt/m/n --> OT1/lmtt/m/n on input line 34.
LaTeX Font Info:    Overwriting math alphabet `\mathbf' in version `bold'
(Font)                  OT1/cmr/bx/n --> OT1/lmr/bx/n on input line 35.
LaTeX Font Info:    Overwriting math alphabet `\mathsf' in version `bold'
(Font)                  OT1/cmss/bx/n --> OT1/lmss/bx/n on input line 36.
LaTeX Font Info:    Overwriting math alphabet `\mathit' in version `bold'
(Font)                  OT1/cmr/bx/it --> OT1/lmr/bx/it on input line 37.
LaTeX Font Info:    Overwriting math alphabet `\mathtt' in version `bold'
(Font)                  OT1/cmtt/m/n --> OT1/lmtt/m/n on input line 38.
)
(c:/Users/Ndoni/AppData/Roaming/TinyTeX/texmf-dist/tex/latex/amsfonts/amssymb.s
ty
Package: amssymb 2013/01/14 v3.01 AMS font symbols

(c:/Users/Ndoni/AppData/Roaming/TinyTeX/texmf-dist/tex/latex/amsfonts/amsfonts.
sty
Package: amsfonts 2013/01/14 v3.01 Basic AMSFonts support
\@emptytoks=\toks14
\symAMSa=\mathgroup4
\symAMSb=\mathgroup5
LaTeX Font Info:    Overwriting math alphabet `\mathfrak' in version `bold'
(Font)                  U/euf/m/n --> U/euf/b/n on input line 106.
))
(c:/Users/Ndoni/AppData/Roaming/TinyTeX/texmf-dist/tex/latex/amsmath/amsmath.st
y
Package: amsmath 2018/12/01 v2.17b AMS math features
\@mathmargin=\skip43
For additional information on amsmath, use the `?' option.

(c:/Users/Ndoni/AppData/Roaming/TinyTeX/texmf-dist/tex/latex/amsmath/amstext.st
y
Package: amstext 2000/06/29 v2.01 AMS text

(c:/Users/Ndoni/AppData/Roaming/TinyTeX/texmf-dist/tex/latex/amsmath/amsgen.sty
File: amsgen.sty 1999/11/30 v2.0 generic functions
\@emptytoks=\toks15
\ex@=\dimen103
))
(c:/Users/Ndoni/AppData/Roaming/TinyTeX/texmf-dist/tex/latex/amsmath/amsbsy.sty
Package: amsbsy 1999/11/29 v1.2d Bold Symbols
\pmbraise@=\dimen104
)
(c:/Users/Ndoni/AppData/Roaming/TinyTeX/texmf-dist/tex/latex/amsmath/amsopn.sty
Package: amsopn 2016/03/08 v2.02 operator names
)
\inf@bad=\count88
LaTeX Info: Redefining \frac on input line 223.
\uproot@=\count89
\leftroot@=\count90
LaTeX Info: Redefining \overline on input line 385.
\classnum@=\count91
\DOTSCASE@=\count92
LaTeX Info: Redefining \ldots on input line 482.
LaTeX Info: Redefining \dots on input line 485.
LaTeX Info: Redefining \cdots on input line 606.
\Mathstrutbox@=\box27
\strutbox@=\box28
\big@size=\dimen105
LaTeX Font Info:    Redeclaring font encoding OML on input line 729.
LaTeX Font Info:    Redeclaring font encoding OMS on input line 730.
\macc@depth=\count93
\c@MaxMatrixCols=\count94
\dotsspace@=\muskip10
\c@parentequation=\count95
\dspbrk@lvl=\count96
\tag@help=\toks16
\row@=\count97
\column@=\count98
\maxfields@=\count99
\andhelp@=\toks17
\eqnshift@=\dimen106
\alignsep@=\dimen107
\tagshift@=\dimen108
\tagwidth@=\dimen109
\totwidth@=\dimen110
\lineht@=\dimen111
\@envbody=\toks18
\multlinegap=\skip44
\multlinetaggap=\skip45
\mathdisplay@stack=\toks19
LaTeX Info: Redefining \[ on input line 2844.
LaTeX Info: Redefining \] on input line 2845.
)
(c:/Users/Ndoni/AppData/Roaming/TinyTeX/texmf-dist/tex/generic/ifxetex/ifxetex.
sty
Package: ifxetex 2010/09/12 v0.6 Provides ifxetex conditional
)
(c:/Users/Ndoni/AppData/Roaming/TinyTeX/texmf-dist/tex/generic/oberdiek/ifluate
x.sty
Package: ifluatex 2016/05/16 v1.4 Provides the ifluatex switch (HO)
Package ifluatex Info: LuaTeX not detected.
) (c:/Users/Ndoni/AppData/Roaming/TinyTeX/texmf-dist/tex/latex/base/fixltx2e.st
y
Package: fixltx2e 2016/12/29 v2.1a fixes to LaTeX (obsolete)
Applying: [2015/01/01] Old fixltx2e package on input line 46.

Package fixltx2e Warning: fixltx2e is not required with releases after 2015
(fixltx2e)                All fixes are now in the LaTeX kernel.
(fixltx2e)                See the latexrelease package for details.

Already applied: [0000/00/00] Old fixltx2e package on input line 53.
) (c:/Users/Ndoni/AppData/Roaming/TinyTeX/texmf-dist/tex/latex/base/fontenc.sty
Package: fontenc 2018/08/11 v2.0j Standard LaTeX package
(c:/Users/Ndoni/AppData/Roaming/TinyTeX/texmf-dist/tex/latex/base/t1enc.def
File: t1enc.def 2018/08/11 v2.0j Standard LaTeX file
LaTeX Font Info:    Redeclaring font encoding T1 on input line 48.
)) (c:/Users/Ndoni/AppData/Roaming/TinyTeX/texmf-dist/tex/latex/base/inputenc.s
ty
Package: inputenc 2018/08/11 v1.3c Input encoding file
\inpenc@prehook=\toks20
\inpenc@posthook=\toks21
)
(c:/Users/Ndoni/AppData/Roaming/TinyTeX/texmf-dist/tex/latex/upquote/upquote.st
y
Package: upquote 2012/04/19 v1.3 upright-quote and grave-accent glyphs in verba
tim
(c:/Users/Ndoni/AppData/Roaming/TinyTeX/texmf-dist/tex/latex/base/textcomp.sty
Package: textcomp 2018/08/11 v2.0j Standard LaTeX package
Package textcomp Info: Sub-encoding information:
(textcomp)               5 = only ISO-Adobe without \textcurrency
(textcomp)               4 = 5 + \texteuro
(textcomp)               3 = 4 + \textohm
(textcomp)               2 = 3 + \textestimated + \textcurrency
(textcomp)               1 = TS1 - \textcircled - \t
(textcomp)               0 = TS1 (full)
(textcomp)             Font families with sub-encoding setting implement
(textcomp)             only a restricted character set as indicated.
(textcomp)             Family '?' is the default used for unknown fonts.
(textcomp)             See the documentation for details.
Package textcomp Info: Setting ? sub-encoding to TS1/1 on input line 79.
(c:/Users/Ndoni/AppData/Roaming/TinyTeX/texmf-dist/tex/latex/base/ts1enc.def
File: ts1enc.def 2001/06/05 v3.0e (jk/car/fm) Standard LaTeX file
Now handling font encoding TS1 ...
... processing UTF-8 mapping file for font encoding TS1
(c:/Users/Ndoni/AppData/Roaming/TinyTeX/texmf-dist/tex/latex/base/ts1enc.dfu
File: ts1enc.dfu 2018/10/05 v1.2f UTF-8 support for inputenc
   defining Unicode char U+00A2 (decimal 162)
   defining Unicode char U+00A3 (decimal 163)
   defining Unicode char U+00A4 (decimal 164)
   defining Unicode char U+00A5 (decimal 165)
   defining Unicode char U+00A6 (decimal 166)
   defining Unicode char U+00A7 (decimal 167)
   defining Unicode char U+00A8 (decimal 168)
   defining Unicode char U+00A9 (decimal 169)
   defining Unicode char U+00AA (decimal 170)
   defining Unicode char U+00AC (decimal 172)
   defining Unicode char U+00AE (decimal 174)
   defining Unicode char U+00AF (decimal 175)
   defining Unicode char U+00B0 (decimal 176)
   defining Unicode char U+00B1 (decimal 177)
   defining Unicode char U+00B2 (decimal 178)
   defining Unicode char U+00B3 (decimal 179)
   defining Unicode char U+00B4 (decimal 180)
   defining Unicode char U+00B5 (decimal 181)
   defining Unicode char U+00B6 (decimal 182)
   defining Unicode char U+00B7 (decimal 183)
   defining Unicode char U+00B9 (decimal 185)
   defining Unicode char U+00BA (decimal 186)
   defining Unicode char U+00BC (decimal 188)
   defining Unicode char U+00BD (decimal 189)
   defining Unicode char U+00BE (decimal 190)
   defining Unicode char U+00D7 (decimal 215)
   defining Unicode char U+00F7 (decimal 247)
   defining Unicode char U+0192 (decimal 402)
   defining Unicode char U+02C7 (decimal 711)
   defining Unicode char U+02D8 (decimal 728)
   defining Unicode char U+02DD (decimal 733)
   defining Unicode char U+0E3F (decimal 3647)
   defining Unicode char U+2016 (decimal 8214)
   defining Unicode char U+2020 (decimal 8224)
   defining Unicode char U+2021 (decimal 8225)
   defining Unicode char U+2022 (decimal 8226)
   defining Unicode char U+2030 (decimal 8240)
   defining Unicode char U+2031 (decimal 8241)
   defining Unicode char U+203B (decimal 8251)
   defining Unicode char U+203D (decimal 8253)
   defining Unicode char U+2044 (decimal 8260)
   defining Unicode char U+204E (decimal 8270)
   defining Unicode char U+2052 (decimal 8274)
   defining Unicode char U+20A1 (decimal 8353)
   defining Unicode char U+20A4 (decimal 8356)
   defining Unicode char U+20A6 (decimal 8358)
   defining Unicode char U+20A9 (decimal 8361)
   defining Unicode char U+20AB (decimal 8363)
   defining Unicode char U+20AC (decimal 8364)
   defining Unicode char U+20B1 (decimal 8369)
   defining Unicode char U+2103 (decimal 8451)
   defining Unicode char U+2116 (decimal 8470)
   defining Unicode char U+2117 (decimal 8471)
   defining Unicode char U+211E (decimal 8478)
   defining Unicode char U+2120 (decimal 8480)
   defining Unicode char U+2122 (decimal 8482)
   defining Unicode char U+2126 (decimal 8486)
   defining Unicode char U+2127 (decimal 8487)
   defining Unicode char U+212E (decimal 8494)
   defining Unicode char U+2190 (decimal 8592)
   defining Unicode char U+2191 (decimal 8593)
   defining Unicode char U+2192 (decimal 8594)
   defining Unicode char U+2193 (decimal 8595)
   defining Unicode char U+2329 (decimal 9001)
   defining Unicode char U+232A (decimal 9002)
   defining Unicode char U+2422 (decimal 9250)
   defining Unicode char U+25E6 (decimal 9702)
   defining Unicode char U+25EF (decimal 9711)
   defining Unicode char U+266A (decimal 9834)
   defining Unicode char U+FEFF (decimal 65279)
))
LaTeX Info: Redefining \oldstylenums on input line 334.
Package textcomp Info: Setting cmr sub-encoding to TS1/0 on input line 349.
Package textcomp Info: Setting cmss sub-encoding to TS1/0 on input line 350.
Package textcomp Info: Setting cmtt sub-encoding to TS1/0 on input line 351.
Package textcomp Info: Setting cmvtt sub-encoding to TS1/0 on input line 352.
Package textcomp Info: Setting cmbr sub-encoding to TS1/0 on input line 353.
Package textcomp Info: Setting cmtl sub-encoding to TS1/0 on input line 354.
Package textcomp Info: Setting ccr sub-encoding to TS1/0 on input line 355.
Package textcomp Info: Setting ptm sub-encoding to TS1/4 on input line 356.
Package textcomp Info: Setting pcr sub-encoding to TS1/4 on input line 357.
Package textcomp Info: Setting phv sub-encoding to TS1/4 on input line 358.
Package textcomp Info: Setting ppl sub-encoding to TS1/3 on input line 359.
Package textcomp Info: Setting pag sub-encoding to TS1/4 on input line 360.
Package textcomp Info: Setting pbk sub-encoding to TS1/4 on input line 361.
Package textcomp Info: Setting pnc sub-encoding to TS1/4 on input line 362.
Package textcomp Info: Setting pzc sub-encoding to TS1/4 on input line 363.
Package textcomp Info: Setting bch sub-encoding to TS1/4 on input line 364.
Package textcomp Info: Setting put sub-encoding to TS1/5 on input line 365.
Package textcomp Info: Setting uag sub-encoding to TS1/5 on input line 366.
Package textcomp Info: Setting ugq sub-encoding to TS1/5 on input line 367.
Package textcomp Info: Setting ul8 sub-encoding to TS1/4 on input line 368.
Package textcomp Info: Setting ul9 sub-encoding to TS1/4 on input line 369.
Package textcomp Info: Setting augie sub-encoding to TS1/5 on input line 370.
Package textcomp Info: Setting dayrom sub-encoding to TS1/3 on input line 371.
Package textcomp Info: Setting dayroms sub-encoding to TS1/3 on input line 372.

Package textcomp Info: Setting pxr sub-encoding to TS1/0 on input line 373.
Package textcomp Info: Setting pxss sub-encoding to TS1/0 on input line 374.
Package textcomp Info: Setting pxtt sub-encoding to TS1/0 on input line 375.
Package textcomp Info: Setting txr sub-encoding to TS1/0 on input line 376.
Package textcomp Info: Setting txss sub-encoding to TS1/0 on input line 377.
Package textcomp Info: Setting txtt sub-encoding to TS1/0 on input line 378.
Package textcomp Info: Setting lmr sub-encoding to TS1/0 on input line 379.
Package textcomp Info: Setting lmdh sub-encoding to TS1/0 on input line 380.
Package textcomp Info: Setting lmss sub-encoding to TS1/0 on input line 381.
Package textcomp Info: Setting lmssq sub-encoding to TS1/0 on input line 382.
Package textcomp Info: Setting lmvtt sub-encoding to TS1/0 on input line 383.
Package textcomp Info: Setting lmtt sub-encoding to TS1/0 on input line 384.
Package textcomp Info: Setting qhv sub-encoding to TS1/0 on input line 385.
Package textcomp Info: Setting qag sub-encoding to TS1/0 on input line 386.
Package textcomp Info: Setting qbk sub-encoding to TS1/0 on input line 387.
Package textcomp Info: Setting qcr sub-encoding to TS1/0 on input line 388.
Package textcomp Info: Setting qcs sub-encoding to TS1/0 on input line 389.
Package textcomp Info: Setting qpl sub-encoding to TS1/0 on input line 390.
Package textcomp Info: Setting qtm sub-encoding to TS1/0 on input line 391.
Package textcomp Info: Setting qzc sub-encoding to TS1/0 on input line 392.
Package textcomp Info: Setting qhvc sub-encoding to TS1/0 on input line 393.
Package textcomp Info: Setting futs sub-encoding to TS1/4 on input line 394.
Package textcomp Info: Setting futx sub-encoding to TS1/4 on input line 395.
Package textcomp Info: Setting futj sub-encoding to TS1/4 on input line 396.
Package textcomp Info: Setting hlh sub-encoding to TS1/3 on input line 397.
Package textcomp Info: Setting hls sub-encoding to TS1/3 on input line 398.
Package textcomp Info: Setting hlst sub-encoding to TS1/3 on input line 399.
Package textcomp Info: Setting hlct sub-encoding to TS1/5 on input line 400.
Package textcomp Info: Setting hlx sub-encoding to TS1/5 on input line 401.
Package textcomp Info: Setting hlce sub-encoding to TS1/5 on input line 402.
Package textcomp Info: Setting hlcn sub-encoding to TS1/5 on input line 403.
Package textcomp Info: Setting hlcw sub-encoding to TS1/5 on input line 404.
Package textcomp Info: Setting hlcf sub-encoding to TS1/5 on input line 405.
Package textcomp Info: Setting pplx sub-encoding to TS1/3 on input line 406.
Package textcomp Info: Setting pplj sub-encoding to TS1/3 on input line 407.
Package textcomp Info: Setting ptmx sub-encoding to TS1/4 on input line 408.
Package textcomp Info: Setting ptmj sub-encoding to TS1/4 on input line 409.
))
(c:/Users/Ndoni/AppData/Roaming/TinyTeX/texmf-dist/tex/latex/geometry/geometry.
sty
Package: geometry 2018/04/16 v5.8 Page Geometry

(c:/Users/Ndoni/AppData/Roaming/TinyTeX/texmf-dist/tex/latex/graphics/keyval.st
y
Package: keyval 2014/10/28 v1.15 key=value parser (DPC)
\KV@toks@=\toks22
)
(c:/Users/Ndoni/AppData/Roaming/TinyTeX/texmf-dist/tex/generic/oberdiek/ifpdf.s
ty
Package: ifpdf 2018/09/07 v3.3 Provides the ifpdf switch
)
(c:/Users/Ndoni/AppData/Roaming/TinyTeX/texmf-dist/tex/generic/oberdiek/ifvtex.
sty
Package: ifvtex 2016/05/16 v1.6 Detect VTeX and its facilities (HO)
Package ifvtex Info: VTeX not detected.
)
\Gm@cnth=\count100
\Gm@cntv=\count101
\c@Gm@tempcnt=\count102
\Gm@bindingoffset=\dimen112
\Gm@wd@mp=\dimen113
\Gm@odd@mp=\dimen114
\Gm@even@mp=\dimen115
\Gm@layoutwidth=\dimen116
\Gm@layoutheight=\dimen117
\Gm@layouthoffset=\dimen118
\Gm@layoutvoffset=\dimen119
\Gm@dimlist=\toks23
)
(c:/Users/Ndoni/AppData/Roaming/TinyTeX/texmf-dist/tex/latex/hyperref/hyperref.
sty
Package: hyperref 2018/11/30 v6.88e Hypertext links for LaTeX

(c:/Users/Ndoni/AppData/Roaming/TinyTeX/texmf-dist/tex/generic/oberdiek/hobsub-
hyperref.sty
Package: hobsub-hyperref 2016/05/16 v1.14 Bundle oberdiek, subset hyperref (HO)


(c:/Users/Ndoni/AppData/Roaming/TinyTeX/texmf-dist/tex/generic/oberdiek/hobsub-
generic.sty
Package: hobsub-generic 2016/05/16 v1.14 Bundle oberdiek, subset generic (HO)
Package: hobsub 2016/05/16 v1.14 Construct package bundles (HO)
Package: infwarerr 2016/05/16 v1.4 Providing info/warning/error messages (HO)
Package: ltxcmds 2016/05/16 v1.23 LaTeX kernel commands for general use (HO)
Package hobsub Info: Skipping package `ifluatex' (already loaded).
Package hobsub Info: Skipping package `ifvtex' (already loaded).
Package: intcalc 2016/05/16 v1.2 Expandable calculations with integers (HO)
Package hobsub Info: Skipping package `ifpdf' (already loaded).
Package: etexcmds 2016/05/16 v1.6 Avoid name clashes with e-TeX commands (HO)
Package etexcmds Info: Could not find \expanded.
(etexcmds)             That can mean that you are not using pdfTeX 1.50 or
(etexcmds)             that some package has redefined \expanded.
(etexcmds)             In the latter case, load this package earlier.
Package: kvsetkeys 2016/05/16 v1.17 Key value parser (HO)
Package: kvdefinekeys 2016/05/16 v1.4 Define keys (HO)
Package: pdftexcmds 2018/09/10 v0.29 Utility functions of pdfTeX for LuaTeX (HO
)
Package pdftexcmds Info: LuaTeX not detected.
Package pdftexcmds Info: \pdf@primitive is available.
Package pdftexcmds Info: \pdf@ifprimitive is available.
Package pdftexcmds Info: \pdfdraftmode found.
Package: pdfescape 2016/05/16 v1.14 Implements pdfTeX's escape features (HO)
Package: bigintcalc 2016/05/16 v1.4 Expandable calculations on big integers (HO
)
Package: bitset 2016/05/16 v1.2 Handle bit-vector datatype (HO)
Package: uniquecounter 2016/05/16 v1.3 Provide unlimited unique counter (HO)
)
Package hobsub Info: Skipping package `hobsub' (already loaded).
Package: letltxmacro 2016/05/16 v1.5 Let assignment for LaTeX macros (HO)
Package: hopatch 2016/05/16 v1.3 Wrapper for package hooks (HO)
Package: xcolor-patch 2016/05/16 xcolor patch
Package: atveryend 2016/05/16 v1.9 Hooks at the very end of document (HO)
Package atveryend Info: \enddocument detected (standard20110627).
Package: atbegshi 2016/06/09 v1.18 At begin shipout hook (HO)
Package: refcount 2016/05/16 v3.5 Data extraction from label references (HO)
Package: hycolor 2016/05/16 v1.8 Color options for hyperref/bookmark (HO)
)
(c:/Users/Ndoni/AppData/Roaming/TinyTeX/texmf-dist/tex/latex/oberdiek/auxhook.s
ty
Package: auxhook 2016/05/16 v1.4 Hooks for auxiliary files (HO)
)
(c:/Users/Ndoni/AppData/Roaming/TinyTeX/texmf-dist/tex/latex/oberdiek/kvoptions
.sty
Package: kvoptions 2016/05/16 v3.12 Key value format for package options (HO)
)
\@linkdim=\dimen120
\Hy@linkcounter=\count103
\Hy@pagecounter=\count104

(c:/Users/Ndoni/AppData/Roaming/TinyTeX/texmf-dist/tex/latex/hyperref/pd1enc.de
f
File: pd1enc.def 2018/11/30 v6.88e Hyperref: PDFDocEncoding definition (HO)
Now handling font encoding PD1 ...
... no UTF-8 mapping file for font encoding PD1
)
\Hy@SavedSpaceFactor=\count105

(c:/Users/Ndoni/AppData/Roaming/TinyTeX/texmf-dist/tex/latex/latexconfig/hyperr
ef.cfg
File: hyperref.cfg 2002/06/06 v1.2 hyperref configuration of TeXLive
)
Package hyperref Info: Hyper figures OFF on input line 4519.
Package hyperref Info: Link nesting OFF on input line 4524.
Package hyperref Info: Hyper index ON on input line 4527.
Package hyperref Info: Plain pages OFF on input line 4534.
Package hyperref Info: Backreferencing OFF on input line 4539.
Package hyperref Info: Implicit mode ON; LaTeX internals redefined.
Package hyperref Info: Bookmarks ON on input line 4772.
\c@Hy@tempcnt=\count106
(c:/Users/Ndoni/AppData/Roaming/TinyTeX/texmf-dist/tex/latex/url/url.sty
\Urlmuskip=\muskip11
Package: url 2013/09/16  ver 3.4  Verb mode for urls, etc.
)
LaTeX Info: Redefining \url on input line 5125.
\XeTeXLinkMargin=\dimen121
\Fld@menulength=\count107
\Field@Width=\dimen122
\Fld@charsize=\dimen123
Package hyperref Info: Hyper figures OFF on input line 6380.
Package hyperref Info: Link nesting OFF on input line 6385.
Package hyperref Info: Hyper index ON on input line 6388.
Package hyperref Info: backreferencing OFF on input line 6395.
Package hyperref Info: Link coloring OFF on input line 6400.
Package hyperref Info: Link coloring with OCG OFF on input line 6405.
Package hyperref Info: PDF/A mode OFF on input line 6410.
LaTeX Info: Redefining \ref on input line 6450.
LaTeX Info: Redefining \pageref on input line 6454.
\Hy@abspage=\count108
\c@Item=\count109
\c@Hfootnote=\count110
)
Package hyperref Info: Driver (autodetected): hpdftex.

(c:/Users/Ndoni/AppData/Roaming/TinyTeX/texmf-dist/tex/latex/hyperref/hpdftex.d
ef
File: hpdftex.def 2018/11/30 v6.88e Hyperref driver for pdfTeX
\Fld@listcount=\count111
\c@bookmark@seq@number=\count112

(c:/Users/Ndoni/AppData/Roaming/TinyTeX/texmf-dist/tex/latex/oberdiek/rerunfile
check.sty
Package: rerunfilecheck 2016/05/16 v1.8 Rerun checks for auxiliary files (HO)
Package uniquecounter Info: New unique counter `rerunfilecheck' on input line 2
82.
)
\Hy@SectionHShift=\skip46
)
Package hyperref Info: Option `unicode' set `true' on input line 30.

(c:/Users/Ndoni/AppData/Roaming/TinyTeX/texmf-dist/tex/latex/hyperref/puenc.def
File: puenc.def 2018/11/30 v6.88e Hyperref: PDF Unicode definition (HO)
Now handling font encoding PU ...
... no UTF-8 mapping file for font encoding PU
)
Package hyperref Info: Option `breaklinks' set `true' on input line 30.

(c:/Users/Ndoni/AppData/Roaming/TinyTeX/texmf-dist/tex/latex/graphics/color.sty
Package: color 2016/07/10 v1.1e Standard LaTeX Color (DPC)

(c:/Users/Ndoni/AppData/Roaming/TinyTeX/texmf-dist/tex/latex/graphics-cfg/color
.cfg
File: color.cfg 2016/01/02 v1.6 sample color configuration
)
Package color Info: Driver file: pdftex.def on input line 147.

(c:/Users/Ndoni/AppData/Roaming/TinyTeX/texmf-dist/tex/latex/graphics-def/pdfte
x.def
File: pdftex.def 2018/01/08 v1.0l Graphics/color driver for pdftex
))
(c:/Users/Ndoni/AppData/Roaming/TinyTeX/texmf-dist/tex/latex/fancyvrb/fancyvrb.
sty
Package: fancyvrb 2019/01/15
Style option: `fancyvrb' v3.2a <2019/01/15> (tvz)
\FV@CodeLineNo=\count113
\FV@InFile=\read1
\FV@TabBox=\box29
\c@FancyVerbLine=\count114
\FV@StepNumber=\count115
\FV@OutFile=\write3
) (c:/Users/Ndoni/AppData/Roaming/TinyTeX/texmf-dist/tex/latex/framed/framed.st
y
Package: framed 2011/10/22 v 0.96: framed or shaded text with page breaks
\OuterFrameSep=\skip47
\fb@frw=\dimen124
\fb@frh=\dimen125
\FrameRule=\dimen126
\FrameSep=\dimen127
)
(c:/Users/Ndoni/AppData/Roaming/TinyTeX/texmf-dist/tex/latex/graphics/graphicx.
sty
Package: graphicx 2017/06/01 v1.1a Enhanced LaTeX Graphics (DPC,SPQR)

(c:/Users/Ndoni/AppData/Roaming/TinyTeX/texmf-dist/tex/latex/graphics/graphics.
sty
Package: graphics 2017/06/25 v1.2c Standard LaTeX Graphics (DPC,SPQR)
(c:/Users/Ndoni/AppData/Roaming/TinyTeX/texmf-dist/tex/latex/graphics/trig.sty
Package: trig 2016/01/03 v1.10 sin cos tan (DPC)
)
(c:/Users/Ndoni/AppData/Roaming/TinyTeX/texmf-dist/tex/latex/graphics-cfg/graph
ics.cfg
File: graphics.cfg 2016/06/04 v1.11 sample graphics configuration
)
Package graphics Info: Driver file: pdftex.def on input line 99.
)
\Gin@req@height=\dimen128
\Gin@req@width=\dimen129
)
(c:/Users/Ndoni/AppData/Roaming/TinyTeX/texmf-dist/tex/latex/oberdiek/grffile.s
ty
Package: grffile 2017/06/30 v1.18 Extended file name support for graphics (HO)
Package grffile Info: Option `multidot' is set to `true'.
Package grffile Info: Option `extendedchars' is set to `false'.
Package grffile Info: Option `space' is set to `true'.
Package grffile Info: \Gin@ii of package `graphicx' fixed on input line 494.
)
(c:/Users/Ndoni/AppData/Roaming/TinyTeX/texmf-dist/tex/latex/titling/titling.st
y
Package: titling 2009/09/04 v2.1d maketitle typesetting
\thanksmarkwidth=\skip48
\thanksmargin=\skip49
\droptitle=\skip50
) (./progetto.aux)
\openout1 = `progetto.aux'.

LaTeX Font Info:    Checking defaults for OML/cmm/m/it on input line 128.
LaTeX Font Info:    ... okay on input line 128.
LaTeX Font Info:    Checking defaults for T1/cmr/m/n on input line 128.
LaTeX Font Info:    ... okay on input line 128.
LaTeX Font Info:    Checking defaults for OT1/cmr/m/n on input line 128.
LaTeX Font Info:    ... okay on input line 128.
LaTeX Font Info:    Checking defaults for OMS/cmsy/m/n on input line 128.
LaTeX Font Info:    ... okay on input line 128.
LaTeX Font Info:    Checking defaults for OMX/cmex/m/n on input line 128.
LaTeX Font Info:    ... okay on input line 128.
LaTeX Font Info:    Checking defaults for U/cmr/m/n on input line 128.
LaTeX Font Info:    ... okay on input line 128.
LaTeX Font Info:    Checking defaults for TS1/cmr/m/n on input line 128.
LaTeX Font Info:    Try loading font information for TS1+cmr on input line 128.

(c:/Users/Ndoni/AppData/Roaming/TinyTeX/texmf-dist/tex/latex/base/ts1cmr.fd
File: ts1cmr.fd 2014/09/29 v2.5h Standard LaTeX font definitions
)
LaTeX Font Info:    ... okay on input line 128.
LaTeX Font Info:    Checking defaults for PD1/pdf/m/n on input line 128.
LaTeX Font Info:    ... okay on input line 128.
LaTeX Font Info:    Checking defaults for PU/pdf/m/n on input line 128.
LaTeX Font Info:    ... okay on input line 128.
LaTeX Font Info:    Try loading font information for T1+lmr on input line 128.
(c:/Users/Ndoni/AppData/Roaming/TinyTeX/texmf-dist/tex/latex/lm/t1lmr.fd
File: t1lmr.fd 2009/10/30 v1.6 Font defs for Latin Modern
)
*geometry* driver: auto-detecting
*geometry* detected driver: pdftex
*geometry* verbose mode - [ preamble ] result:
* driver: pdftex
* paper: <default>
* layout: <same size as paper>
* layoutoffset:(h,v)=(0.0pt,0.0pt)
* modes: 
* h-part:(L,W,R)=(72.26999pt, 469.75502pt, 72.26999pt)
* v-part:(T,H,B)=(72.26999pt, 650.43001pt, 72.26999pt)
* \paperwidth=614.295pt
* \paperheight=794.96999pt
* \textwidth=469.75502pt
* \textheight=650.43001pt
* \oddsidemargin=0.0pt
* \evensidemargin=0.0pt
* \topmargin=-37.0pt
* \headheight=12.0pt
* \headsep=25.0pt
* \topskip=12.0pt
* \footskip=30.0pt
* \marginparwidth=44.0pt
* \marginparsep=10.0pt
* \columnsep=10.0pt
* \skip\footins=10.8pt plus 4.0pt minus 2.0pt
* \hoffset=0.0pt
* \voffset=0.0pt
* \mag=1000
* \@twocolumnfalse
* \@twosidefalse
* \@mparswitchfalse
* \@reversemarginfalse
* (1in=72.27pt=25.4mm, 1cm=28.453pt)

\AtBeginShipoutBox=\box30
Package hyperref Info: Link coloring OFF on input line 128.

(c:/Users/Ndoni/AppData/Roaming/TinyTeX/texmf-dist/tex/latex/hyperref/nameref.s
ty
Package: nameref 2016/05/21 v2.44 Cross-referencing by name of section

(c:/Users/Ndoni/AppData/Roaming/TinyTeX/texmf-dist/tex/generic/oberdiek/gettitl
estring.sty
Package: gettitlestring 2016/05/16 v1.5 Cleanup title references (HO)
)
\c@section@level=\count116
)
LaTeX Info: Redefining \ref on input line 128.
LaTeX Info: Redefining \pageref on input line 128.
LaTeX Info: Redefining \nameref on input line 128.
(./progetto.out) (./progetto.out)
\@outlinefile=\write4
\openout4 = `progetto.out'.


(c:/Users/Ndoni/AppData/Roaming/TinyTeX/texmf-dist/tex/latex/oberdiek/epstopdf-
base.sty
Package: epstopdf-base 2016/05/15 v2.6 Base part for package epstopdf

(c:/Users/Ndoni/AppData/Roaming/TinyTeX/texmf-dist/tex/latex/oberdiek/grfext.st
y
Package: grfext 2016/05/16 v1.2 Manage graphics extensions (HO)
)
Package epstopdf-base Info: Redefining graphics rule for `.eps' on input line 4
38.
Package grfext Info: Graphics extension search list:
(grfext)             [.pdf,.png,.jpg,.mps,.jpeg,.jbig2,.jb2,.PDF,.PNG,.JPG,.JPE
G,.JBIG2,.JB2,.eps]
(grfext)             \AppendGraphicsExtensions on input line 456.

(c:/Users/Ndoni/AppData/Roaming/TinyTeX/texmf-dist/tex/latex/latexconfig/epstop
df-sys.cfg
File: epstopdf-sys.cfg 2010/07/13 v1.3 Configuration of (r)epstopdf for TeX Liv
e
))
LaTeX Font Info:    Try loading font information for TS1+lmr on input line 163.

(c:/Users/Ndoni/AppData/Roaming/TinyTeX/texmf-dist/tex/latex/lm/ts1lmr.fd
File: ts1lmr.fd 2009/10/30 v1.6 Font defs for Latin Modern
)
LaTeX Font Info:    Try loading font information for T1+lmtt on input line 179.

(c:/Users/Ndoni/AppData/Roaming/TinyTeX/texmf-dist/tex/latex/lm/t1lmtt.fd
File: t1lmtt.fd 2009/10/30 v1.6 Font defs for Latin Modern
)
LaTeX Font Info:    Font shape `T1/lmtt/bx/n' in size <12> not available
(Font)              Font shape `T1/lmtt/b/n' tried instead on input line 180.
[1

{c:/Users/Ndoni/AppData/Roaming/TinyTeX/texmf-var/fonts/map/pdftex/updmap/pdfte
x.map}]
LaTeX Font Info:    Try loading font information for TS1+lmtt on input line 212
.
(c:/Users/Ndoni/AppData/Roaming/TinyTeX/texmf-dist/tex/latex/lm/ts1lmtt.fd
File: ts1lmtt.fd 2009/10/30 v1.6 Font defs for Latin Modern
) [2] [3] [4] [5] [6] [7] [8] [9] [10]
<progetto_files/figure-latex/unnamed-chunk-25-1.pdf, id=253, 469.755pt x 325.21
5pt>
File: progetto_files/figure-latex/unnamed-chunk-25-1.pdf Graphic file (type pdf
)
<use progetto_files/figure-latex/unnamed-chunk-25-1.pdf>
Package pdftex.def Info: progetto_files/figure-latex/unnamed-chunk-25-1.pdf  us
ed on input line 666.
(pdftex.def)             Requested size: 469.75386pt x 325.2142pt.
[11 <./progetto_files/figure-latex/unnamed-chunk-25-1.pdf>]
<progetto_files/figure-latex/unnamed-chunk-26-1.pdf, id=264, 469.755pt x 325.21
5pt>
File: progetto_files/figure-latex/unnamed-chunk-26-1.pdf Graphic file (type pdf
)
<use progetto_files/figure-latex/unnamed-chunk-26-1.pdf>
Package pdftex.def Info: progetto_files/figure-latex/unnamed-chunk-26-1.pdf  us
ed on input line 692.
(pdftex.def)             Requested size: 469.75386pt x 325.2142pt.
[12 <./progetto_files/figure-latex/unnamed-chunk-26-1.pdf>]
<progetto_files/figure-latex/unnamed-chunk-27-1.pdf, id=275, 469.755pt x 325.21
5pt>
File: progetto_files/figure-latex/unnamed-chunk-27-1.pdf Graphic file (type pdf
)
<use progetto_files/figure-latex/unnamed-chunk-27-1.pdf>
Package pdftex.def Info: progetto_files/figure-latex/unnamed-chunk-27-1.pdf  us
ed on input line 716.
(pdftex.def)             Requested size: 469.75386pt x 325.2142pt.
[13 <./progetto_files/figure-latex/unnamed-chunk-27-1.pdf>]
<progetto_files/figure-latex/unnamed-chunk-28-1.pdf, id=287, 469.755pt x 325.21
5pt>
File: progetto_files/figure-latex/unnamed-chunk-28-1.pdf Graphic file (type pdf
)
<use progetto_files/figure-latex/unnamed-chunk-28-1.pdf>
Package pdftex.def Info: progetto_files/figure-latex/unnamed-chunk-28-1.pdf  us
ed on input line 734.
(pdftex.def)             Requested size: 469.75386pt x 325.2142pt.
[14 <./progetto_files/figure-latex/unnamed-chunk-28-1.pdf>]
<progetto_files/figure-latex/unnamed-chunk-29-1.pdf, id=298, 469.755pt x 325.21
5pt>
File: progetto_files/figure-latex/unnamed-chunk-29-1.pdf Graphic file (type pdf
)
<use progetto_files/figure-latex/unnamed-chunk-29-1.pdf>
Package pdftex.def Info: progetto_files/figure-latex/unnamed-chunk-29-1.pdf  us
ed on input line 759.
(pdftex.def)             Requested size: 469.75386pt x 325.2142pt.

Underfull \hbox (badness 10000) in paragraph at lines 759--763
[][]
 []

[15 <./progetto_files/figure-latex/unnamed-chunk-29-1.pdf>]
<progetto_files/figure-latex/unnamed-chunk-30-1.pdf, id=309, 469.755pt x 325.21
5pt>
File: progetto_files/figure-latex/unnamed-chunk-30-1.pdf Graphic file (type pdf
)
<use progetto_files/figure-latex/unnamed-chunk-30-1.pdf>
Package pdftex.def Info: progetto_files/figure-latex/unnamed-chunk-30-1.pdf  us
ed on input line 782.
(pdftex.def)             Requested size: 469.75386pt x 325.2142pt.
<progetto_files/figure-latex/unnamed-chunk-31-1.pdf, id=310, 469.755pt x 325.21
5pt>
File: progetto_files/figure-latex/unnamed-chunk-31-1.pdf Graphic file (type pdf
)
<use progetto_files/figure-latex/unnamed-chunk-31-1.pdf>
Package pdftex.def Info: progetto_files/figure-latex/unnamed-chunk-31-1.pdf  us
ed on input line 796.
(pdftex.def)             Requested size: 469.75386pt x 325.2142pt.
[16 <./progetto_files/figure-latex/unnamed-chunk-30-1.pdf>]
<progetto_files/figure-latex/unnamed-chunk-32-1.pdf, id=320, 469.755pt x 325.21
5pt>
File: progetto_files/figure-latex/unnamed-chunk-32-1.pdf Graphic file (type pdf
)
<use progetto_files/figure-latex/unnamed-chunk-32-1.pdf>
Package pdftex.def Info: progetto_files/figure-latex/unnamed-chunk-32-1.pdf  us
ed on input line 809.
(pdftex.def)             Requested size: 469.75386pt x 325.2142pt.
[17 <./progetto_files/figure-latex/unnamed-chunk-31-1.pdf>] [18 <./progetto_fil
es/figure-latex/unnamed-chunk-32-1.pdf>] [19]
<progetto_files/figure-latex/unnamed-chunk-36-1.pdf, id=345, 469.755pt x 325.21
5pt>
File: progetto_files/figure-latex/unnamed-chunk-36-1.pdf Graphic file (type pdf
)
<use progetto_files/figure-latex/unnamed-chunk-36-1.pdf>
Package pdftex.def Info: progetto_files/figure-latex/unnamed-chunk-36-1.pdf  us
ed on input line 921.
(pdftex.def)             Requested size: 469.75386pt x 325.2142pt.
[20 <./progetto_files/figure-latex/unnamed-chunk-36-1.pdf>]
<progetto_files/figure-latex/unnamed-chunk-37-1.pdf, id=355, 469.755pt x 325.21
5pt>
File: progetto_files/figure-latex/unnamed-chunk-37-1.pdf Graphic file (type pdf
)
<use progetto_files/figure-latex/unnamed-chunk-37-1.pdf>
Package pdftex.def Info: progetto_files/figure-latex/unnamed-chunk-37-1.pdf  us
ed on input line 942.
(pdftex.def)             Requested size: 469.75386pt x 325.2142pt.
<progetto_files/figure-latex/unnamed-chunk-38-1.pdf, id=356, 469.755pt x 325.21
5pt>
File: progetto_files/figure-latex/unnamed-chunk-38-1.pdf Graphic file (type pdf
)
<use progetto_files/figure-latex/unnamed-chunk-38-1.pdf>
Package pdftex.def Info: progetto_files/figure-latex/unnamed-chunk-38-1.pdf  us
ed on input line 954.
(pdftex.def)             Requested size: 469.75386pt x 325.2142pt.
[21 <./progetto_files/figure-latex/unnamed-chunk-37-1.pdf>]
LaTeX Font Info:    Try loading font information for OT1+lmr on input line 966.

(c:/Users/Ndoni/AppData/Roaming/TinyTeX/texmf-dist/tex/latex/lm/ot1lmr.fd
File: ot1lmr.fd 2009/10/30 v1.6 Font defs for Latin Modern
)
LaTeX Font Info:    Try loading font information for OML+lmm on input line 966.

(c:/Users/Ndoni/AppData/Roaming/TinyTeX/texmf-dist/tex/latex/lm/omllmm.fd
File: omllmm.fd 2009/10/30 v1.6 Font defs for Latin Modern
)
LaTeX Font Info:    Try loading font information for OMS+lmsy on input line 966
.
(c:/Users/Ndoni/AppData/Roaming/TinyTeX/texmf-dist/tex/latex/lm/omslmsy.fd
File: omslmsy.fd 2009/10/30 v1.6 Font defs for Latin Modern
)
LaTeX Font Info:    Try loading font information for OMX+lmex on input line 966
.
(c:/Users/Ndoni/AppData/Roaming/TinyTeX/texmf-dist/tex/latex/lm/omxlmex.fd
File: omxlmex.fd 2009/10/30 v1.6 Font defs for Latin Modern
)
LaTeX Font Info:    External font `lmex10' loaded for size
(Font)              <12> on input line 966.
LaTeX Font Info:    External font `lmex10' loaded for size
(Font)              <8> on input line 966.
LaTeX Font Info:    External font `lmex10' loaded for size
(Font)              <6> on input line 966.
LaTeX Font Info:    Try loading font information for U+msa on input line 966.
(c:/Users/Ndoni/AppData/Roaming/TinyTeX/texmf-dist/tex/latex/amsfonts/umsa.fd
File: umsa.fd 2013/01/14 v3.01 AMS symbols A
)
LaTeX Font Info:    Try loading font information for U+msb on input line 966.
(c:/Users/Ndoni/AppData/Roaming/TinyTeX/texmf-dist/tex/latex/amsfonts/umsb.fd
File: umsb.fd 2013/01/14 v3.01 AMS symbols B
) [22 <./progetto_files/figure-latex/unnamed-chunk-38-1.pdf>]
<progetto_files/figure-latex/unnamed-chunk-39-1.pdf, id=378, 469.755pt x 325.21
5pt>
File: progetto_files/figure-latex/unnamed-chunk-39-1.pdf Graphic file (type pdf
)
<use progetto_files/figure-latex/unnamed-chunk-39-1.pdf>
Package pdftex.def Info: progetto_files/figure-latex/unnamed-chunk-39-1.pdf  us
ed on input line 1001.
(pdftex.def)             Requested size: 469.75386pt x 325.2142pt.

Package hyperref Warning: Difference (2) between bookmark levels is greater 
(hyperref)                than one, level fixed on input line 1004.

[23 <./progetto_files/figure-latex/unnamed-chunk-39-1.pdf>]
<progetto_files/figure-latex/unnamed-chunk-40-1.pdf, id=389, 469.755pt x 325.21
5pt>
File: progetto_files/figure-latex/unnamed-chunk-40-1.pdf Graphic file (type pdf
)
<use progetto_files/figure-latex/unnamed-chunk-40-1.pdf>
Package pdftex.def Info: progetto_files/figure-latex/unnamed-chunk-40-1.pdf  us
ed on input line 1033.
(pdftex.def)             Requested size: 469.75386pt x 325.2142pt.
[24 <./progetto_files/figure-latex/unnamed-chunk-40-1.pdf>]
<progetto_files/figure-latex/unnamed-chunk-43-1.pdf, id=400, 469.755pt x 325.21
5pt>
File: progetto_files/figure-latex/unnamed-chunk-43-1.pdf Graphic file (type pdf
)
<use progetto_files/figure-latex/unnamed-chunk-43-1.pdf>
Package pdftex.def Info: progetto_files/figure-latex/unnamed-chunk-43-1.pdf  us
ed on input line 1111.
(pdftex.def)             Requested size: 469.75386pt x 325.2142pt.
[25] [26 <./progetto_files/figure-latex/unnamed-chunk-43-1.pdf>]
<progetto_files/figure-latex/unnamed-chunk-46-1.pdf, id=418, 469.755pt x 325.21
5pt>
File: progetto_files/figure-latex/unnamed-chunk-46-1.pdf Graphic file (type pdf
)
<use progetto_files/figure-latex/unnamed-chunk-46-1.pdf>
Package pdftex.def Info: progetto_files/figure-latex/unnamed-chunk-46-1.pdf  us
ed on input line 1207.
(pdftex.def)             Requested size: 469.75386pt x 325.2142pt.
[27] [28 <./progetto_files/figure-latex/unnamed-chunk-46-1.pdf>]
<progetto_files/figure-latex/unnamed-chunk-49-1.pdf, id=433, 469.755pt x 325.21
5pt>
File: progetto_files/figure-latex/unnamed-chunk-49-1.pdf Graphic file (type pdf
)
<use progetto_files/figure-latex/unnamed-chunk-49-1.pdf>
Package pdftex.def Info: progetto_files/figure-latex/unnamed-chunk-49-1.pdf  us
ed on input line 1253.
(pdftex.def)             Requested size: 469.75386pt x 325.2142pt.
<progetto_files/figure-latex/unnamed-chunk-52-1.pdf, id=434, 469.755pt x 325.21
5pt>
File: progetto_files/figure-latex/unnamed-chunk-52-1.pdf Graphic file (type pdf
)
<use progetto_files/figure-latex/unnamed-chunk-52-1.pdf>
Package pdftex.def Info: progetto_files/figure-latex/unnamed-chunk-52-1.pdf  us
ed on input line 1287.
(pdftex.def)             Requested size: 469.75386pt x 325.2142pt.
[29 <./progetto_files/figure-latex/unnamed-chunk-49-1.pdf>]
<progetto_files/figure-latex/unnamed-chunk-55-1.pdf, id=445, 469.755pt x 325.21
5pt>
File: progetto_files/figure-latex/unnamed-chunk-55-1.pdf Graphic file (type pdf
)
<use progetto_files/figure-latex/unnamed-chunk-55-1.pdf>
Package pdftex.def Info: progetto_files/figure-latex/unnamed-chunk-55-1.pdf  us
ed on input line 1318.
(pdftex.def)             Requested size: 469.75386pt x 325.2142pt.

Underfull \hbox (badness 10000) in paragraph at lines 1318--1324
[][]
 []

[30 <./progetto_files/figure-latex/unnamed-chunk-52-1.pdf>]
<progetto_files/figure-latex/unnamed-chunk-58-1.pdf, id=456, 469.755pt x 325.21
5pt>
File: progetto_files/figure-latex/unnamed-chunk-58-1.pdf Graphic file (type pdf
)
<use progetto_files/figure-latex/unnamed-chunk-58-1.pdf>
Package pdftex.def Info: progetto_files/figure-latex/unnamed-chunk-58-1.pdf  us
ed on input line 1354.
(pdftex.def)             Requested size: 469.75386pt x 325.2142pt.
[31 <./progetto_files/figure-latex/unnamed-chunk-55-1.pdf>]
<progetto_files/figure-latex/unnamed-chunk-59-1.pdf, id=468, 469.755pt x 325.21
5pt>
File: progetto_files/figure-latex/unnamed-chunk-59-1.pdf Graphic file (type pdf
)
<use progetto_files/figure-latex/unnamed-chunk-59-1.pdf>
Package pdftex.def Info: progetto_files/figure-latex/unnamed-chunk-59-1.pdf  us
ed on input line 1371.
(pdftex.def)             Requested size: 469.75386pt x 325.2142pt.
[32 <./progetto_files/figure-latex/unnamed-chunk-58-1.pdf>]
<progetto_files/figure-latex/unnamed-chunk-61-1.pdf, id=480, 469.755pt x 325.21
5pt>
File: progetto_files/figure-latex/unnamed-chunk-61-1.pdf Graphic file (type pdf
)
<use progetto_files/figure-latex/unnamed-chunk-61-1.pdf>
Package pdftex.def Info: progetto_files/figure-latex/unnamed-chunk-61-1.pdf  us
ed on input line 1400.
(pdftex.def)             Requested size: 469.75386pt x 325.2142pt.
[33 <./progetto_files/figure-latex/unnamed-chunk-59-1.pdf>]
<progetto_files/figure-latex/unnamed-chunk-62-1.pdf, id=491, 469.755pt x 325.21
5pt>
File: progetto_files/figure-latex/unnamed-chunk-62-1.pdf Graphic file (type pdf
)
<use progetto_files/figure-latex/unnamed-chunk-62-1.pdf>
Package pdftex.def Info: progetto_files/figure-latex/unnamed-chunk-62-1.pdf  us
ed on input line 1417.
(pdftex.def)             Requested size: 469.75386pt x 325.2142pt.
[34 <./progetto_files/figure-latex/unnamed-chunk-61-1.pdf>] [35 <./progetto_fil
es/figure-latex/unnamed-chunk-62-1.pdf>]
<progetto_files/figure-latex/unnamed-chunk-63-1.pdf, id=512, 469.755pt x 325.21
5pt>
File: progetto_files/figure-latex/unnamed-chunk-63-1.pdf Graphic file (type pdf
)
<use progetto_files/figure-latex/unnamed-chunk-63-1.pdf>
Package pdftex.def Info: progetto_files/figure-latex/unnamed-chunk-63-1.pdf  us
ed on input line 1481.
(pdftex.def)             Requested size: 469.75386pt x 325.2142pt.
[36]
<progetto_files/figure-latex/unnamed-chunk-64-1.pdf, id=522, 469.755pt x 325.21
5pt>
File: progetto_files/figure-latex/unnamed-chunk-64-1.pdf Graphic file (type pdf
)
<use progetto_files/figure-latex/unnamed-chunk-64-1.pdf>
Package pdftex.def Info: progetto_files/figure-latex/unnamed-chunk-64-1.pdf  us
ed on input line 1496.
(pdftex.def)             Requested size: 469.75386pt x 325.2142pt.
[37 <./progetto_files/figure-latex/unnamed-chunk-63-1.pdf>] [38 <./progetto_fil
es/figure-latex/unnamed-chunk-64-1.pdf>]
<progetto_files/figure-latex/unnamed-chunk-66-1.pdf, id=547, 469.755pt x 325.21
5pt>
File: progetto_files/figure-latex/unnamed-chunk-66-1.pdf Graphic file (type pdf
)
<use progetto_files/figure-latex/unnamed-chunk-66-1.pdf>
Package pdftex.def Info: progetto_files/figure-latex/unnamed-chunk-66-1.pdf  us
ed on input line 1555.
(pdftex.def)             Requested size: 469.75386pt x 325.2142pt.
[39]
<progetto_files/figure-latex/unnamed-chunk-67-1.pdf, id=552, 469.755pt x 325.21
5pt>
File: progetto_files/figure-latex/unnamed-chunk-67-1.pdf Graphic file (type pdf
)
<use progetto_files/figure-latex/unnamed-chunk-67-1.pdf>
Package pdftex.def Info: progetto_files/figure-latex/unnamed-chunk-67-1.pdf  us
ed on input line 1586.
(pdftex.def)             Requested size: 469.75386pt x 325.2142pt.
[40 <./progetto_files/figure-latex/unnamed-chunk-66-1.pdf>]
<progetto_files/figure-latex/unnamed-chunk-68-1.pdf, id=563, 469.755pt x 325.21
5pt>
File: progetto_files/figure-latex/unnamed-chunk-68-1.pdf Graphic file (type pdf
)
<use progetto_files/figure-latex/unnamed-chunk-68-1.pdf>
Package pdftex.def Info: progetto_files/figure-latex/unnamed-chunk-68-1.pdf  us
ed on input line 1603.
(pdftex.def)             Requested size: 469.75386pt x 325.2142pt.
[41 <./progetto_files/figure-latex/unnamed-chunk-67-1.pdf>]
<progetto_files/figure-latex/unnamed-chunk-69-1.pdf, id=574, 469.755pt x 325.21
5pt>
File: progetto_files/figure-latex/unnamed-chunk-69-1.pdf Graphic file (type pdf
)
<use progetto_files/figure-latex/unnamed-chunk-69-1.pdf>
Package pdftex.def Info: progetto_files/figure-latex/unnamed-chunk-69-1.pdf  us
ed on input line 1624.
(pdftex.def)             Requested size: 469.75386pt x 325.2142pt.
[42 <./progetto_files/figure-latex/unnamed-chunk-68-1.pdf>]
<progetto_files/figure-latex/unnamed-chunk-70-1.pdf, id=585, 469.755pt x 325.21
5pt>
File: progetto_files/figure-latex/unnamed-chunk-70-1.pdf Graphic file (type pdf
)
<use progetto_files/figure-latex/unnamed-chunk-70-1.pdf>
Package pdftex.def Info: progetto_files/figure-latex/unnamed-chunk-70-1.pdf  us
ed on input line 1641.
(pdftex.def)             Requested size: 469.75386pt x 325.2142pt.
[43 <./progetto_files/figure-latex/unnamed-chunk-69-1.pdf>] [44 <./progetto_fil
es/figure-latex/unnamed-chunk-70-1.pdf>] [45] [46] [47]
Overfull \hbox (5.6852pt too wide) in paragraph at lines 1902--1902
[]\T1/lmtt/m/n/12 ## 1.54 1.57  1.9 2.04 2.16  2.2 2.46 2.55 2.58 2.75 3.23 3.2
9  3.7 3.86 4.33[] 
 []


Overfull \hbox (5.7062pt too wide) in paragraph at lines 1902--1902
[]\T1/lmtt/m/n/12 ##    1    2    3    4    5    6    7    8    9   10   11   1
2   13   14   15[] 
 []

<progetto_files/figure-latex/unnamed-chunk-87-1.pdf, id=627, 469.755pt x 325.21
5pt>
File: progetto_files/figure-latex/unnamed-chunk-87-1.pdf Graphic file (type pdf
)
<use progetto_files/figure-latex/unnamed-chunk-87-1.pdf>
Package pdftex.def Info: progetto_files/figure-latex/unnamed-chunk-87-1.pdf  us
ed on input line 1954.
(pdftex.def)             Requested size: 469.75386pt x 325.2142pt.
[48]
<progetto_files/figure-latex/unnamed-chunk-87-2.pdf, id=633, 469.755pt x 325.21
5pt>
File: progetto_files/figure-latex/unnamed-chunk-87-2.pdf Graphic file (type pdf
)
<use progetto_files/figure-latex/unnamed-chunk-87-2.pdf>
Package pdftex.def Info: progetto_files/figure-latex/unnamed-chunk-87-2.pdf  us
ed on input line 1964.
(pdftex.def)             Requested size: 469.75386pt x 325.2142pt.
[49 <./progetto_files/figure-latex/unnamed-chunk-87-1.pdf>] [50 <./progetto_fil
es/figure-latex/unnamed-chunk-87-2.pdf>] [51] [52] [53] [54] [55] [56] [57]
<progetto_files/figure-latex/unnamed-chunk-127-1.pdf, id=687, 469.755pt x 325.2
15pt>
File: progetto_files/figure-latex/unnamed-chunk-127-1.pdf Graphic file (type pd
f)
<use progetto_files/figure-latex/unnamed-chunk-127-1.pdf>
Package pdftex.def Info: progetto_files/figure-latex/unnamed-chunk-127-1.pdf  u
sed on input line 2581.
(pdftex.def)             Requested size: 469.75386pt x 325.2142pt.
[58] [59 <./progetto_files/figure-latex/unnamed-chunk-127-1.pdf>] [60]
<progetto_files/figure-latex/unnamed-chunk-130-1.pdf, id=708, 469.755pt x 325.2
15pt>
File: progetto_files/figure-latex/unnamed-chunk-130-1.pdf Graphic file (type pd
f)
<use progetto_files/figure-latex/unnamed-chunk-130-1.pdf>
Package pdftex.def Info: progetto_files/figure-latex/unnamed-chunk-130-1.pdf  u
sed on input line 2689.
(pdftex.def)             Requested size: 469.75386pt x 325.2142pt.
[61 <./progetto_files/figure-latex/unnamed-chunk-130-1.pdf>] [62] [63]
<progetto_files/figure-latex/unnamed-chunk-139-1.pdf, id=730, 469.755pt x 325.2
15pt>
File: progetto_files/figure-latex/unnamed-chunk-139-1.pdf Graphic file (type pd
f)
<use progetto_files/figure-latex/unnamed-chunk-139-1.pdf>
Package pdftex.def Info: progetto_files/figure-latex/unnamed-chunk-139-1.pdf  u
sed on input line 2923.
(pdftex.def)             Requested size: 469.75386pt x 325.2142pt.
[64]
<progetto_files/figure-latex/unnamed-chunk-140-1.pdf, id=735, 469.755pt x 325.2
15pt>
File: progetto_files/figure-latex/unnamed-chunk-140-1.pdf Graphic file (type pd
f)
<use progetto_files/figure-latex/unnamed-chunk-140-1.pdf>
Package pdftex.def Info: progetto_files/figure-latex/unnamed-chunk-140-1.pdf  u
sed on input line 2943.
(pdftex.def)             Requested size: 469.75386pt x 325.2142pt.
[65 <./progetto_files/figure-latex/unnamed-chunk-139-1.pdf>] [66 <./progetto_fi
les/figure-latex/unnamed-chunk-140-1.pdf>]
<progetto_files/figure-latex/unnamed-chunk-142-1.pdf, id=757, 469.755pt x 325.2
15pt>
File: progetto_files/figure-latex/unnamed-chunk-142-1.pdf Graphic file (type pd
f)
<use progetto_files/figure-latex/unnamed-chunk-142-1.pdf>
Package pdftex.def Info: progetto_files/figure-latex/unnamed-chunk-142-1.pdf  u
sed on input line 2987.
(pdftex.def)             Requested size: 469.75386pt x 325.2142pt.

LaTeX Warning: Command \texttwosuperior invalid in math mode on input line 2997
.


LaTeX Warning: Command \texttwosuperior invalid in math mode on input line 2997
.


LaTeX Warning: Command \texttwosuperior invalid in math mode on input line 2997
.


LaTeX Warning: Command \texttwosuperior invalid in math mode on input line 2997
.

[67 <./progetto_files/figure-latex/unnamed-chunk-142-1.pdf>] [68] [69] [70]
<progetto_files/figure-latex/unnamed-chunk-154-1.pdf, id=784, 469.755pt x 325.2
15pt>
File: progetto_files/figure-latex/unnamed-chunk-154-1.pdf Graphic file (type pd
f)
<use progetto_files/figure-latex/unnamed-chunk-154-1.pdf>
Package pdftex.def Info: progetto_files/figure-latex/unnamed-chunk-154-1.pdf  u
sed on input line 3248.
(pdftex.def)             Requested size: 469.75386pt x 325.2142pt.
[71]

LaTeX Warning: Command \texttwosuperior invalid in math mode on input line 3259
.


LaTeX Warning: Command \texttwosuperior invalid in math mode on input line 3259
.


LaTeX Warning: Command \texttwosuperior invalid in math mode on input line 3259
.


LaTeX Warning: Command \texttwosuperior invalid in math mode on input line 3259
.

[72 <./progetto_files/figure-latex/unnamed-chunk-154-1.pdf>]
<progetto_files/figure-latex/unnamed-chunk-156-1.pdf, id=801, 469.755pt x 325.2
15pt>
File: progetto_files/figure-latex/unnamed-chunk-156-1.pdf Graphic file (type pd
f)
<use progetto_files/figure-latex/unnamed-chunk-156-1.pdf>
Package pdftex.def Info: progetto_files/figure-latex/unnamed-chunk-156-1.pdf  u
sed on input line 3302.
(pdftex.def)             Requested size: 469.75386pt x 325.2142pt.
[73 <./progetto_files/figure-latex/unnamed-chunk-156-1.pdf>] [74]
<progetto_files/figure-latex/unnamed-chunk-161-1.pdf, id=817, 469.755pt x 325.2
15pt>
File: progetto_files/figure-latex/unnamed-chunk-161-1.pdf Graphic file (type pd
f)
<use progetto_files/figure-latex/unnamed-chunk-161-1.pdf>
Package pdftex.def Info: progetto_files/figure-latex/unnamed-chunk-161-1.pdf  u
sed on input line 3395.
(pdftex.def)             Requested size: 469.75386pt x 325.2142pt.
[75 <./progetto_files/figure-latex/unnamed-chunk-161-1.pdf>] [76] [77] [78] [79
] [80] [81] [82] [83] [84]
Overfull \hbox (494.13129pt too wide) in paragraph at lines 3990--3992
[]$\OML/lmm/m/it/12 C[] \OT1/lmr/m/n/12 = []$ 
 []

[85] [86]
Overfull \hbox (494.13129pt too wide) in paragraph at lines 4084--4086
[]$\OML/lmm/m/it/12 C[] \OT1/lmr/m/n/12 = []$ 
 []

[87] [88] [89]
Overfull \hbox (24.24522pt too wide) in paragraph at lines 4299--4299
[]\T1/lmtt/m/n/12 ##  $ labels     : chr [1:20] "Piemonte" "Valle d\TS1/lmtt/m/
n/12 '\T1/lmtt/m/n/12 Aos" "Liguria" "Lombardia" ...[] 
 []

<progetto_files/figure-latex/unnamed-chunk-181-1.pdf, id=931, 469.755pt x 325.2
15pt>
File: progetto_files/figure-latex/unnamed-chunk-181-1.pdf Graphic file (type pd
f)
<use progetto_files/figure-latex/unnamed-chunk-181-1.pdf>
Package pdftex.def Info: progetto_files/figure-latex/unnamed-chunk-181-1.pdf  u
sed on input line 4311.
(pdftex.def)             Requested size: 469.75386pt x 325.2142pt.
[90]
<progetto_files/figure-latex/unnamed-chunk-182-1.pdf, id=937, 469.755pt x 325.2
15pt>
File: progetto_files/figure-latex/unnamed-chunk-182-1.pdf Graphic file (type pd
f)
<use progetto_files/figure-latex/unnamed-chunk-182-1.pdf>
Package pdftex.def Info: progetto_files/figure-latex/unnamed-chunk-182-1.pdf  u
sed on input line 4344.
(pdftex.def)             Requested size: 469.75386pt x 325.2142pt.
[91 <./progetto_files/figure-latex/unnamed-chunk-181-1.pdf>]
Overfull \hbox (5.66418pt too wide) in paragraph at lines 4356--4356
[]\T1/lmtt/m/n/12 ##  [1]  1.581139  2.740894  3.080844  3.229938  3.789670  3.
892300  4.683332[] 
 []


Overfull \hbox (5.67819pt too wide) in paragraph at lines 4356--4356
[]\T1/lmtt/m/n/12 ##  [8]  4.715930  5.625913  6.447240  7.160000  7.450503  7.
814243  8.924887[] 
 []

<progetto_files/figure-latex/unnamed-chunk-184-1.pdf, id=949, 469.755pt x 325.2
15pt>
File: progetto_files/figure-latex/unnamed-chunk-184-1.pdf Graphic file (type pd
f)
<use progetto_files/figure-latex/unnamed-chunk-184-1.pdf>
Package pdftex.def Info: progetto_files/figure-latex/unnamed-chunk-184-1.pdf  u
sed on input line 4374.
(pdftex.def)             Requested size: 469.75386pt x 325.2142pt.
[92 <./progetto_files/figure-latex/unnamed-chunk-182-1.pdf>] [93 <./progetto_fi
les/figure-latex/unnamed-chunk-184-1.pdf>] [94] [95]
Overfull \hbox (24.24522pt too wide) in paragraph at lines 4579--4579
[]\T1/lmtt/m/n/12 ##  $ labels     : chr [1:20] "Piemonte" "Valle d\TS1/lmtt/m/
n/12 '\T1/lmtt/m/n/12 Aos" "Liguria" "Lombardia" ...[] 
 []

[96]
<progetto_files/figure-latex/unnamed-chunk-191-1.pdf, id=984, 469.755pt x 325.2
15pt>
File: progetto_files/figure-latex/unnamed-chunk-191-1.pdf Graphic file (type pd
f)
<use progetto_files/figure-latex/unnamed-chunk-191-1.pdf>
Package pdftex.def Info: progetto_files/figure-latex/unnamed-chunk-191-1.pdf  u
sed on input line 4591.
(pdftex.def)             Requested size: 469.75386pt x 325.2142pt.
<progetto_files/figure-latex/unnamed-chunk-192-1.pdf, id=985, 469.755pt x 325.2
15pt>
File: progetto_files/figure-latex/unnamed-chunk-192-1.pdf Graphic file (type pd
f)
<use progetto_files/figure-latex/unnamed-chunk-192-1.pdf>
Package pdftex.def Info: progetto_files/figure-latex/unnamed-chunk-192-1.pdf  u
sed on input line 4603.
(pdftex.def)             Requested size: 469.75386pt x 325.2142pt.
[97 <./progetto_files/figure-latex/unnamed-chunk-191-1.pdf>]
Overfull \hbox (5.63617pt too wide) in paragraph at lines 4615--4615
[]\T1/lmtt/m/n/12 ##  [1]  1.581139  2.740894  3.080844  3.229938  3.789670  4.
366646  5.625913[] 
 []


Overfull \hbox (5.66418pt too wide) in paragraph at lines 4615--4615
[]\T1/lmtt/m/n/12 ##  [8]  5.838502  7.450503  8.924887  9.335331 11.648966 13.
542688 15.594281[] 
 []

<progetto_files/figure-latex/unnamed-chunk-194-1.pdf, id=997, 469.755pt x 325.2
15pt>
File: progetto_files/figure-latex/unnamed-chunk-194-1.pdf Graphic file (type pd
f)
<use progetto_files/figure-latex/unnamed-chunk-194-1.pdf>
Package pdftex.def Info: progetto_files/figure-latex/unnamed-chunk-194-1.pdf  u
sed on input line 4633.
(pdftex.def)             Requested size: 469.75386pt x 325.2142pt.
[98 <./progetto_files/figure-latex/unnamed-chunk-192-1.pdf>] [99 <./progetto_fi
les/figure-latex/unnamed-chunk-194-1.pdf>] [100] [101] [102]
Overfull \hbox (24.24522pt too wide) in paragraph at lines 4853--4853
[]\T1/lmtt/m/n/12 ##  $ labels     : chr [1:20] "Piemonte" "Valle d\TS1/lmtt/m/
n/12 '\T1/lmtt/m/n/12 Aos" "Liguria" "Lombardia" ...[] 
 []

<progetto_files/figure-latex/unnamed-chunk-201-1.pdf, id=1031, 469.755pt x 325.
215pt>
File: progetto_files/figure-latex/unnamed-chunk-201-1.pdf Graphic file (type pd
f)
<use progetto_files/figure-latex/unnamed-chunk-201-1.pdf>
Package pdftex.def Info: progetto_files/figure-latex/unnamed-chunk-201-1.pdf  u
sed on input line 4865.
(pdftex.def)             Requested size: 469.75386pt x 325.2142pt.
[103]
<progetto_files/figure-latex/unnamed-chunk-202-1.pdf, id=1037, 469.755pt x 325.
215pt>
File: progetto_files/figure-latex/unnamed-chunk-202-1.pdf Graphic file (type pd
f)
<use progetto_files/figure-latex/unnamed-chunk-202-1.pdf>
Package pdftex.def Info: progetto_files/figure-latex/unnamed-chunk-202-1.pdf  u
sed on input line 4877.
(pdftex.def)             Requested size: 469.75386pt x 325.2142pt.
[104 <./progetto_files/figure-latex/unnamed-chunk-201-1.pdf>]
Overfull \hbox (5.65718pt too wide) in paragraph at lines 4889--4889
[]\T1/lmtt/m/n/12 ##  [1]  1.581139  2.740894  3.080844  3.229938  3.789670  4.
104984  5.260917[] 
 []


Overfull \hbox (5.67119pt too wide) in paragraph at lines 4889--4889
[]\T1/lmtt/m/n/12 ##  [8]  5.464511  7.450503  7.920432  8.924887  9.445813 10.
678466 12.520514[] 
 []

<progetto_files/figure-latex/unnamed-chunk-204-1.pdf, id=1048, 469.755pt x 325.
215pt>
File: progetto_files/figure-latex/unnamed-chunk-204-1.pdf Graphic file (type pd
f)
<use progetto_files/figure-latex/unnamed-chunk-204-1.pdf>
Package pdftex.def Info: progetto_files/figure-latex/unnamed-chunk-204-1.pdf  u
sed on input line 4908.
(pdftex.def)             Requested size: 469.75386pt x 325.2142pt.
[105 <./progetto_files/figure-latex/unnamed-chunk-202-1.pdf>] [106 <./progetto_
files/figure-latex/unnamed-chunk-204-1.pdf>] [107] [108]
Overfull \hbox (24.24522pt too wide) in paragraph at lines 5115--5115
[]\T1/lmtt/m/n/12 ##  $ labels     : chr [1:20] "Piemonte" "Valle d\TS1/lmtt/m/
n/12 '\T1/lmtt/m/n/12 Aos" "Liguria" "Lombardia" ...[] 
 []

[109]
<progetto_files/figure-latex/unnamed-chunk-211-1.pdf, id=1083, 469.755pt x 325.
215pt>
File: progetto_files/figure-latex/unnamed-chunk-211-1.pdf Graphic file (type pd
f)
<use progetto_files/figure-latex/unnamed-chunk-211-1.pdf>
Package pdftex.def Info: progetto_files/figure-latex/unnamed-chunk-211-1.pdf  u
sed on input line 5127.
(pdftex.def)             Requested size: 469.75386pt x 325.2142pt.
[110 <./progetto_files/figure-latex/unnamed-chunk-211-1.pdf>] [111] [112]
Overfull \hbox (24.24522pt too wide) in paragraph at lines 5311--5311
[]\T1/lmtt/m/n/12 ##  $ labels     : chr [1:20] "Piemonte" "Valle d\TS1/lmtt/m/
n/12 '\T1/lmtt/m/n/12 Aos" "Liguria" "Lombardia" ...[] 
 []

[113]
<progetto_files/figure-latex/unnamed-chunk-217-1.pdf, id=1108, 469.755pt x 325.
215pt>
File: progetto_files/figure-latex/unnamed-chunk-217-1.pdf Graphic file (type pd
f)
<use progetto_files/figure-latex/unnamed-chunk-217-1.pdf>
Package pdftex.def Info: progetto_files/figure-latex/unnamed-chunk-217-1.pdf  u
sed on input line 5323.
(pdftex.def)             Requested size: 469.75386pt x 325.2142pt.
[114 <./progetto_files/figure-latex/unnamed-chunk-217-1.pdf>] [115] [116]
Package atveryend Info: Empty hook `BeforeClearDocument' on input line 5478.
[117]
Package atveryend Info: Empty hook `AfterLastShipout' on input line 5478.
(./progetto.aux)
Package atveryend Info: Executing hook `AtVeryEndDocument' on input line 5478.
Package atveryend Info: Executing hook `AtEndAfterFileList' on input line 5478.

Package rerunfilecheck Info: File `progetto.out' has not changed.
(rerunfilecheck)             Checksum: D22897A0CF0893720F5CE041E83C7304;8699.
Package atveryend Info: Empty hook `AtVeryVeryEnd' on input line 5478.
 ) 
Here is how much of TeX's memory you used:
 11240 strings out of 494562
 170945 string characters out of 6176064
 225792 words of memory out of 5000000
 14514 multiletter control sequences out of 15000+600000
 47825 words of font info for 45 fonts, out of 8000000 for 9000
 14 hyphenation exceptions out of 8191
 28i,8n,32p,429b,451s stack positions out of 5000i,500n,10000p,200000b,80000s
{c:/Users/Ndoni/AppData/Roaming/TinyTeX/texmf-dist/fonts/enc/dvips/lm/lm-math
sy.enc}{c:/Users/Ndoni/AppData/Roaming/TinyTeX/texmf-dist/fonts/enc/dvips/lm/lm
-rm.enc}{c:/Users/Ndoni/AppData/Roaming/TinyTeX/texmf-dist/fonts/enc/dvips/lm/l
m-mathex.enc}{c:/Users/Ndoni/AppData/Roaming/TinyTeX/texmf-dist/fonts/enc/dvips
/lm/lm-mathit.enc}{c:/Users/Ndoni/AppData/Roaming/TinyTeX/texmf-dist/fonts/enc/
dvips/lm/lm-ts1.enc}{c:/Users/Ndoni/AppData/Roaming/TinyTeX/texmf-dist/fonts/en
c/dvips/lm/lm-ec.enc}<c:/Users/Ndoni/AppData/Roaming/TinyTeX/texmf-dist/fonts/t
ype1/public/lm/lmbx12.pfb><c:/Users/Ndoni/AppData/Roaming/TinyTeX/texmf-dist/fo
nts/type1/public/lm/lmex10.pfb><c:/Users/Ndoni/AppData/Roaming/TinyTeX/texmf-di
st/fonts/type1/public/lm/lmmi12.pfb><c:/Users/Ndoni/AppData/Roaming/TinyTeX/tex
mf-dist/fonts/type1/public/lm/lmmi6.pfb><c:/Users/Ndoni/AppData/Roaming/TinyTeX
/texmf-dist/fonts/type1/public/lm/lmmi8.pfb><c:/Users/Ndoni/AppData/Roaming/Tin
yTeX/texmf-dist/fonts/type1/public/lm/lmr12.pfb><c:/Users/Ndoni/AppData/Roaming
/TinyTeX/texmf-dist/fonts/type1/public/lm/lmr17.pfb><c:/Users/Ndoni/AppData/Roa
ming/TinyTeX/texmf-dist/fonts/type1/public/lm/lmr6.pfb><c:/Users/Ndoni/AppData/
Roaming/TinyTeX/texmf-dist/fonts/type1/public/lm/lmr8.pfb><c:/Users/Ndoni/AppDa
ta/Roaming/TinyTeX/texmf-dist/fonts/type1/public/lm/lmri12.pfb><c:/Users/Ndoni/
AppData/Roaming/TinyTeX/texmf-dist/fonts/type1/public/lm/lmsy10.pfb><c:/Users/N
doni/AppData/Roaming/TinyTeX/texmf-dist/fonts/type1/public/lm/lmsy8.pfb><c:/Use
rs/Ndoni/AppData/Roaming/TinyTeX/texmf-dist/fonts/type1/public/lm/lmtk10.pfb><c
:/Users/Ndoni/AppData/Roaming/TinyTeX/texmf-dist/fonts/type1/public/lm/lmtt12.p
fb>
Output written on progetto.pdf (117 pages, 683564 bytes).
PDF statistics:
 1246 PDF objects out of 1440 (max. 8388607)
 1002 compressed objects within 11 object streams
 250 named destinations out of 1000 (max. 500000)
 627 words of extra memory for PDF output out of 10000 (max. 10000000)

